# JRE version: OpenJDK Runtime Environment (8.0_242) (build 1.8.0_242-release-1644-b3-6222593)
# Java VM: OpenJDK 64-Bit Server VM (25.242-b3-6222593 mixed mode linux-amd64 compressed oops)
Heap:
 PSYoungGen      total 317952K, used 21998K [0x00000000d5580000, 0x00000000ea700000, 0x0000000100000000)
  eden space 290304K, 0% used [0x00000000d5580000,0x00000000d5580000,0x00000000e7100000)
  from space 27648K, 79% used [0x00000000e7100000,0x00000000e867bb18,0x00000000e8c00000)
  to   space 23552K, 0% used [0x00000000e9000000,0x00000000e9000000,0x00000000ea700000)
 ParOldGen       total 136192K, used 59497K [0x0000000080000000, 0x0000000088500000, 0x00000000d5580000)
  object space 136192K, 43% used [0x0000000080000000,0x0000000083a1a708,0x0000000088500000)
 Metaspace       used 92207K, capacity 96214K, committed 96432K, reserved 1132544K
  class space    used 11899K, capacity 12670K, committed 12720K, reserved 1048576K
GC Heap History (10 events):
Event: 29.608 GC heap after
Heap after GC invocations=16 (full 3):
 PSYoungGen      total 234496K, used 16885K [0x00000000d5580000, 0x00000000e7e00000, 0x0000000100000000)
  eden space 217600K, 0% used [0x00000000d5580000,0x00000000d5580000,0x00000000e2a00000)
  from space 16896K, 99% used [0x00000000e2a00000,0x00000000e3a7d698,0x00000000e3a80000)
  to   space 20480K, 0% used [0x00000000e6a00000,0x00000000e6a00000,0x00000000e7e00000)
 ParOldGen       total 83456K, used 35066K [0x0000000080000000, 0x0000000085180000, 0x00000000d5580000)
  object space 83456K, 42% used [0x0000000080000000,0x000000008223e8d8,0x0000000085180000)
 Metaspace       used 65466K, capacity 68020K, committed 68272K, reserved 1107968K
  class space    used 8812K, capacity 9371K, committed 9392K, reserved 1048576K
}
Event: 44.956 GC heap before
{Heap before GC invocations=17 (full 3):
 PSYoungGen      total 234496K, used 234485K [0x00000000d5580000, 0x00000000e7e00000, 0x0000000100000000)
  eden space 217600K, 100% used [0x00000000d5580000,0x00000000e2a00000,0x00000000e2a00000)
  from space 16896K, 99% used [0x00000000e2a00000,0x00000000e3a7d698,0x00000000e3a80000)
  to   space 20480K, 0% used [0x00000000e6a00000,0x00000000e6a00000,0x00000000e7e00000)
 ParOldGen       total 83456K, used 35066K [0x0000000080000000, 0x0000000085180000, 0x00000000d5580000)
  object space 83456K, 42% used [0x0000000080000000,0x000000008223e8d8,0x0000000085180000)
 Metaspace       used 73390K, capacity 76312K, committed 76464K, reserved 1116160K
  class space    used 9684K, capacity 10301K, committed 10416K, reserved 1048576K
Event: 45.035 GC heap after
Heap after GC invocations=17 (full 3):
 PSYoungGen      total 271872K, used 11475K [0x00000000d5580000, 0x00000000e7880000, 0x0000000100000000)
  eden space 257024K, 0% used [0x00000000d5580000,0x00000000d5580000,0x00000000e5080000)
  from space 14848K, 77% used [0x00000000e6a00000,0x00000000e7534f38,0x00000000e7880000)
  to   space 20480K, 0% used [0x00000000e5080000,0x00000000e5080000,0x00000000e6480000)
 ParOldGen       total 83456K, used 46752K [0x0000000080000000, 0x0000000085180000, 0x00000000d5580000)
  object space 83456K, 56% used [0x0000000080000000,0x0000000082da80a8,0x0000000085180000)
 Metaspace       used 73390K, capacity 76312K, committed 76464K, reserved 1116160K
  class space    used 9684K, capacity 10301K, committed 10416K, reserved 1048576K
}
Event: 107.703 GC heap before
{Heap before GC invocations=18 (full 3):
 PSYoungGen      total 271872K, used 266788K [0x00000000d5580000, 0x00000000e7880000, 0x0000000100000000)
  eden space 257024K, 99% used [0x00000000d5580000,0x00000000e4ed4208,0x00000000e5080000)
  from space 14848K, 77% used [0x00000000e6a00000,0x00000000e7534f38,0x00000000e7880000)
  to   space 20480K, 0% used [0x00000000e5080000,0x00000000e5080000,0x00000000e6480000)
 ParOldGen       total 83456K, used 46752K [0x0000000080000000, 0x0000000085180000, 0x00000000d5580000)
  object space 83456K, 56% used [0x0000000080000000,0x0000000082da80a8,0x0000000085180000)
 Metaspace       used 80345K, capacity 83414K, committed 83504K, reserved 1122304K
  class space    used 10387K, capacity 11054K, committed 11056K, reserved 1048576K
Event: 107.775 GC heap after
Heap after GC invocations=18 (full 3):
 PSYoungGen      total 277504K, used 20455K [0x00000000d5580000, 0x00000000eaa00000, 0x0000000100000000)
  eden space 257024K, 0% used [0x00000000d5580000,0x00000000d5580000,0x00000000e5080000)
  from space 20480K, 99% used [0x00000000e5080000,0x00000000e6479df8,0x00000000e6480000)
  to   space 26624K, 0% used [0x00000000e9000000,0x00000000e9000000,0x00000000eaa00000)
 ParOldGen       total 83456K, used 54635K [0x0000000080000000, 0x0000000085180000, 0x00000000d5580000)
  object space 83456K, 65% used [0x0000000080000000,0x000000008355ac60,0x0000000085180000)
 Metaspace       used 80345K, capacity 83414K, committed 83504K, reserved 1122304K
  class space    used 10387K, capacity 11054K, committed 11056K, reserved 1048576K
}
Event: 125.068 GC heap before
{Heap before GC invocations=19 (full 3):
 PSYoungGen      total 277504K, used 277479K [0x00000000d5580000, 0x00000000eaa00000, 0x0000000100000000)
  eden space 257024K, 100% used [0x00000000d5580000,0x00000000e5080000,0x00000000e5080000)
  from space 20480K, 99% used [0x00000000e5080000,0x00000000e6479df8,0x00000000e6480000)
  to   space 26624K, 0% used [0x00000000e9000000,0x00000000e9000000,0x00000000eaa00000)
 ParOldGen       total 83456K, used 54635K [0x0000000080000000, 0x0000000085180000, 0x00000000d5580000)
  object space 83456K, 65% used [0x0000000080000000,0x000000008355ac60,0x0000000085180000)
 Metaspace       used 89356K, capacity 93154K, committed 93360K, reserved 1130496K
  class space    used 11650K, capacity 12390K, committed 12464K, reserved 1048576K
Event: 125.125 GC heap after
Heap after GC invocations=19 (full 3):
 PSYoungGen      total 313856K, used 18126K [0x00000000d5580000, 0x00000000ea700000, 0x0000000100000000)
  eden space 290304K, 0% used [0x00000000d5580000,0x00000000d5580000,0x00000000e7100000)
  from space 23552K, 76% used [0x00000000e9000000,0x00000000ea1b3b80,0x00000000ea700000)
  to   space 27648K, 0% used [0x00000000e7100000,0x00000000e7100000,0x00000000e8c00000)
 ParOldGen       total 83456K, used 70016K [0x0000000080000000, 0x0000000085180000, 0x00000000d5580000)
  object space 83456K, 83% used [0x0000000080000000,0x0000000084460108,0x0000000085180000)
 Metaspace       used 89356K, capacity 93154K, committed 93360K, reserved 1130496K
  class space    used 11650K, capacity 12390K, committed 12464K, reserved 1048576K
}
Event: 125.125 GC heap before
{Heap before GC invocations=20 (full 4):
 PSYoungGen      total 313856K, used 18126K [0x00000000d5580000, 0x00000000ea700000, 0x0000000100000000)
  eden space 290304K, 0% used [0x00000000d5580000,0x00000000d5580000,0x00000000e7100000)
  from space 23552K, 76% used [0x00000000e9000000,0x00000000ea1b3b80,0x00000000ea700000)
  to   space 27648K, 0% used [0x00000000e7100000,0x00000000e7100000,0x00000000e8c00000)
 ParOldGen       total 83456K, used 70016K [0x0000000080000000, 0x0000000085180000, 0x00000000d5580000)
  object space 83456K, 83% used [0x0000000080000000,0x0000000084460108,0x0000000085180000)
 Metaspace       used 89356K, capacity 93154K, committed 93360K, reserved 1130496K
  class space    used 11650K, capacity 12390K, committed 12464K, reserved 1048576K
Event: 125.355 GC heap after
Heap after GC invocations=20 (full 4):
 PSYoungGen      total 313856K, used 0K [0x00000000d5580000, 0x00000000ea700000, 0x0000000100000000)
  eden space 290304K, 0% used [0x00000000d5580000,0x00000000d5580000,0x00000000e7100000)
  from space 23552K, 0% used [0x00000000e9000000,0x00000000e9000000,0x00000000ea700000)
  to   space 27648K, 0% used [0x00000000e7100000,0x00000000e7100000,0x00000000e8c00000)
 ParOldGen       total 136192K, used 59481K [0x0000000080000000, 0x0000000088500000, 0x00000000d5580000)
  object space 136192K, 43% used [0x0000000080000000,0x0000000083a16708,0x0000000088500000)
 Metaspace       used 89167K, capacity 92648K, committed 93360K, reserved 1130496K
  class space    used 11585K, capacity 12277K, committed 12464K, reserved 1048576K
}
Event: 138.240 GC heap before
{Heap before GC invocations=21 (full 4):
 PSYoungGen      total 313856K, used 290304K [0x00000000d5580000, 0x00000000ea700000, 0x0000000100000000)
  eden space 290304K, 100% used [0x00000000d5580000,0x00000000e7100000,0x00000000e7100000)
  from space 23552K, 0% used [0x00000000e9000000,0x00000000e9000000,0x00000000ea700000)
  to   space 27648K, 0% used [0x00000000e7100000,0x00000000e7100000,0x00000000e8c00000)
 ParOldGen       total 136192K, used 59481K [0x0000000080000000, 0x0000000088500000, 0x00000000d5580000)
  object space 136192K, 43% used [0x0000000080000000,0x0000000083a16708,0x0000000088500000)
 Metaspace       used 92207K, capacity 96214K, committed 96432K, reserved 1132544K
  class space    used 11899K, capacity 12670K, committed 12720K, reserved 1048576K

